[ResponseResult]
ResultCode=0
[Install Progress]
/z[-rpC:\RHDSetup.log]
 Confirm Realtek Driver = 0
 Check Operation System Version 
 OS Information [WINMAJOR Number] = 10
 OS Information [WINMAJOR String] = 10.0
 OS Information [SYSINFO.nWinMajor] = 6
 OS Information [SYSINFO.nWinMinor] = 3
 OS Information [CurrentMajorVersionNumber] = 10
 OS Information [CurrentMinorVersionNumber] = 0
 OS Information [Current Build] = 19042
 OS Information [IsWin2000] = 0
 OS Information [IsWinXP] = 0
 OS Information [IsWin2003] = 0
 OS Information [IsVista] = 0
 OS Information [IsWin2008] = 0
 OS Information [IsWin7] = 0
 OS Information [IsWin8] = 0
 OS Information [IsWin8.1] = 0
 OS Information [IsWin10] = 1
 OS Information [IsWin2008R2x64] = 0
 OS Information [IsMCE] = 0
 OS Information [IsServer] = 0
 OS Information [Service Pack] = 0
 OS Information [x64] = 1
 Operation System was Windows x64
 Rtlupd [GetRtlupdForPackage] = 1
 Rtlupd version [C:\SYSPREP\BASW-A2367A8L\Sounddrv\\RtlUpd64.exe] = 3.3.0.6
 Rtkupd version [\] = 
 Current use Rtlupd version [C:\SYSPREP\BASW-A2367A8L\Sounddrv\\RtlUpd64.exe] = 3.3.0.6
 Default Path [WDMDir] = Win64
 Default Path [RtkAudioDir] = C:\Program Files (x86)\Realtek\Audio
 Default Path [RtkAudioDir x64] = C:\Program Files\Realtek\Audio
 Default Path [RtlTempDir] = C:\Program Files (x86)\Realtek\Audio\Drivers
 Default Path [RtkHDADrvDir] = C:\Program Files (x86)\Realtek\Audio\Drivers\Win64
 Default Path [RtkHDMIDrvDir] = C:\Program Files (x86)\Realtek\Audio\Drivers\HDMI\XP2K
 Default Path [RtlPFHDADir] = C:\Program Files\Realtek\Audio\HDA
 Default Path [bUSBDrvExist] = 0
 Default Path [USBDrvDir] = C:\SYSPREP\BASW-A2367A8L\Sounddrv\USBAud
 Default Path [RtkUSBDrvDir] = C:\Program Files (x86)\Realtek\Audio\USBAud\Driver
 Default Path [USBSrcPath] = 
 Default Path [RtkIntelHDASSTPath] = C:\Program Files (x86)\Realtek\Audio\Drivers\IntelHDASST
 Default Path [RtkWOVHIDPath] = C:\Program Files (x86)\Realtek\Audio\Drivers\WOVHID
 Default Registry key [Installer Base Key] = SOFTWARE\Realtek\Audio\Installer
 Default Path [RandomDirPath] = C:\SYSPREP\BASW-A2367A8L\Sounddrv\Win64\
 Current INF version = 6.0.9129.1  x64 Edition
 Current SYS version = 6.0.9129.1
 
 Realtek HD Audio Driver Win64 Directory Exist .
 Status - OnMoveData
 Status - ProgramFiles_Installing
 delete C:\Program Files (x86)\Realtek\Audio\Drivers\Win64
 Copy Realtek HD Audio Driver from Win64 Directory
 Copy Intel IntelHDASST Driver from "C:\SYSPREP\BASW-A2367A8L\Sounddrv\IntelHDASST"
 Run RtlUpd64.exe : C:\Program Files (x86)\Realtek\Audio\Drivers\RtlUpd64.exe --- > -s -cb -nrg2709 (TRUE)
 Status - ProgramFiles_Installed
 Copy .dat and .ini files
 Install Realtek HD Audio Audio Driver 
 Run RtlUpd64.exe : C:\Program Files (x86)\Realtek\Audio\Drivers\RtlUpd64.exe --- > -u  -fasi -visst-s -fi -nrg2709 (TRUE)
 -->Realtek HD Audio - SetupAPI result LAAW_PARAMETERS.nLaunchResult = -4
 Special registry for hard-coding
 Status - OnFirstUIAfter
 Default Path [RandomDirPath] = C:\SYSPREP\BASW-A2367A8L\Sounddrv\Win64\
 Installer - OnEnd
